E, [2015-01-24T11:34:03.457391 #10649] ERROR -- Kitchen: ------Exception-------
E, [2015-01-24T11:34:03.457470 #10649] ERROR -- Kitchen: Class: Kitchen::UserError
E, [2015-01-24T11:34:03.457501 #10649] ERROR -- Kitchen: Message: Kitchen YAML file /home/laura/Programs/vagrant-chef/app/.kitchen.yml does not exist.
E, [2015-01-24T11:34:03.457528 #10649] ERROR -- Kitchen: ------Backtrace-------
E, [2015-01-24T11:34:03.457553 #10649] ERROR -- Kitchen: /opt/chefdk/embedded/apps/test-kitchen/lib/kitchen/loader/yaml.rb:74:in `read'
E, [2015-01-24T11:34:03.457581 #10649] ERROR -- Kitchen: /opt/chefdk/embedded/apps/test-kitchen/lib/kitchen/config.rb:139:in `data'
E, [2015-01-24T11:34:03.457606 #10649] ERROR -- Kitchen: /opt/chefdk/embedded/apps/test-kitchen/lib/kitchen/config.rb:118:in `suites'
E, [2015-01-24T11:34:03.457631 #10649] ERROR -- Kitchen: /opt/chefdk/embedded/apps/test-kitchen/lib/kitchen/config.rb:169:in `filter_instances'
E, [2015-01-24T11:34:03.457655 #10649] ERROR -- Kitchen: /opt/chefdk/embedded/apps/test-kitchen/lib/kitchen/config.rb:128:in `build_instances'
E, [2015-01-24T11:34:03.457680 #10649] ERROR -- Kitchen: /opt/chefdk/embedded/apps/test-kitchen/lib/kitchen/config.rb:104:in `instances'
E, [2015-01-24T11:34:03.457705 #10649] ERROR -- Kitchen: /opt/chefdk/embedded/apps/test-kitchen/lib/kitchen/command.rb:115:in `filtered_instances'
E, [2015-01-24T11:34:03.459461 #10649] ERROR -- Kitchen: /opt/chefdk/embedded/apps/test-kitchen/lib/kitchen/command.rb:145:in `parse_subcommand'
E, [2015-01-24T11:34:03.459514 #10649] ERROR -- Kitchen: /opt/chefdk/embedded/apps/test-kitchen/lib/kitchen/command/login.rb:32:in `call'
E, [2015-01-24T11:34:03.459541 #10649] ERROR -- Kitchen: /opt/chefdk/embedded/apps/test-kitchen/lib/kitchen/cli.rb:56:in `perform'
E, [2015-01-24T11:34:03.459565 #10649] ERROR -- Kitchen: /opt/chefdk/embedded/apps/test-kitchen/lib/kitchen/cli.rb:218:in `login'
E, [2015-01-24T11:34:03.459597 #10649] ERROR -- Kitchen: /opt/chefdk/embedded/lib/ruby/gems/2.1.0/gems/thor-0.19.1/lib/thor/command.rb:27:in `run'
E, [2015-01-24T11:34:03.459622 #10649] ERROR -- Kitchen: /opt/chefdk/embedded/lib/ruby/gems/2.1.0/gems/thor-0.19.1/lib/thor/invocation.rb:126:in `invoke_command'
E, [2015-01-24T11:34:03.459647 #10649] ERROR -- Kitchen: /opt/chefdk/embedded/apps/test-kitchen/lib/kitchen/cli.rb:304:in `invoke_task'
E, [2015-01-24T11:34:03.459671 #10649] ERROR -- Kitchen: /opt/chefdk/embedded/lib/ruby/gems/2.1.0/gems/thor-0.19.1/lib/thor.rb:359:in `dispatch'
E, [2015-01-24T11:34:03.459696 #10649] ERROR -- Kitchen: /opt/chefdk/embedded/lib/ruby/gems/2.1.0/gems/thor-0.19.1/lib/thor/base.rb:440:in `start'
E, [2015-01-24T11:34:03.459725 #10649] ERROR -- Kitchen: /opt/chefdk/embedded/apps/test-kitchen/bin/kitchen:13:in `block in <top (required)>'
E, [2015-01-24T11:34:03.459750 #10649] ERROR -- Kitchen: /opt/chefdk/embedded/apps/test-kitchen/lib/kitchen/errors.rb:154:in `with_friendly_errors'
E, [2015-01-24T11:34:03.459775 #10649] ERROR -- Kitchen: /opt/chefdk/embedded/apps/test-kitchen/bin/kitchen:13:in `<top (required)>'
E, [2015-01-24T11:34:03.459814 #10649] ERROR -- Kitchen: /usr/bin/kitchen:15:in `load'
E, [2015-01-24T11:34:03.459839 #10649] ERROR -- Kitchen: /usr/bin/kitchen:15:in `<main>'
E, [2015-01-24T11:34:03.459863 #10649] ERROR -- Kitchen: ----------------------
